{
    "meta": {
        "format": 2,
        "version": "7.5.3",
        "timestamp": "2025-01-09T10:42:26.389937",
        "branch_coverage": true,
        "show_contexts": false
    },
    "files": {
        "test_abrahan_villanueva-h1_physical_exam6243898d6ea8b2b541485859.py": {
            "executed_lines": [
                2,
                3,
                4,
                6,
                7,
                8,
                9,
                10,
                12,
                13,
                14,
                15,
                16,
                20,
                24,
                28,
                36,
                40,
                44,
                48,
                60,
                64,
                68,
                72,
                84,
                88,
                100,
                104,
                116,
                118,
                125,
                126,
                128,
                129,
                130,
                131,
                132,
                133,
                134,
                135,
                136,
                137,
                138,
                139,
                140,
                141,
                142,
                143,
                144,
                145,
                146,
                147,
                148,
                149,
                150,
                151,
                152,
                153,
                154,
                155,
                156,
                157
            ],
            "summary": {
                "covered_lines": 62,
                "num_statements": 62,
                "percent_covered": 100.0,
                "percent_covered_display": "100",
                "missing_lines": 0,
                "excluded_lines": 0,
                "num_branches": 0,
                "num_partial_branches": 0,
                "covered_branches": 0,
                "missing_branches": 0
            },
            "missing_lines": [],
            "excluded_lines": [],
            "executed_branches": [],
            "missing_branches": []
        }
    }
}